[2021-03-11T10:27:10.010Z] [org.springframework.boot.StartupInfoLogger] [restartedMain] [55] [INFO ] Starting ApiSecurityDemoAppApplication using Java 1.8.0_181 on DESKTOP-5L3O9NV with PID 968 (C:\Users\jupit\ide\spring-security-reference\api-security-demo-app\target\classes started by babak in C:\Users\jupit\ide\spring-security-reference\api-security-demo-app)
[2021-03-11T10:27:10.010Z] [org.springframework.boot.SpringApplication] [restartedMain] [660] [INFO ] No active profile set, falling back to default profiles: default
[2021-03-11T10:27:11.011Z] [org.springframework.boot.web.embedded.tomcat.TomcatWebServer] [restartedMain] [108] [INFO ] Tomcat initialized with port(s): 8080 (http)
[2021-03-11T10:27:11.011Z] [org.apache.juli.logging.DirectJDKLog] [restartedMain] [173] [INFO ] Starting service [Tomcat]
[2021-03-11T10:27:11.011Z] [org.apache.juli.logging.DirectJDKLog] [restartedMain] [173] [INFO ] Starting Servlet engine: [Apache Tomcat/9.0.43]
[2021-03-11T10:27:11.011Z] [org.apache.juli.logging.DirectJDKLog] [restartedMain] [173] [INFO ] Initializing Spring embedded WebApplicationContext
[2021-03-11T10:27:11.011Z] [org.springframework.boot.web.servlet.context.ServletWebServerApplicationContext] [restartedMain] [289] [INFO ] Root WebApplicationContext: initialization completed in 207 ms
[2021-03-11T10:27:11.011Z] [org.springframework.security.web.DefaultSecurityFilterChain] [restartedMain] [51] [INFO ] Will secure any request with [org.springframework.security.web.context.request.async.WebAsyncManagerIntegrationFilter@1b1a63d3, org.springframework.security.web.context.SecurityContextPersistenceFilter@2c0cbd3, org.springframework.security.web.header.HeaderWriterFilter@30800910, org.springframework.security.web.authentication.logout.LogoutFilter@bd40886, org.springframework.security.web.authentication.www.BasicAuthenticationFilter@d4dcce2, org.springframework.security.web.savedrequest.RequestCacheAwareFilter@3fda5138, org.springframework.security.web.servletapi.SecurityContextHolderAwareRequestFilter@f22075a, org.springframework.security.web.authentication.AnonymousAuthenticationFilter@708b2b19, org.springframework.security.web.session.SessionManagementFilter@5adb56ff, org.springframework.security.web.access.ExceptionTranslationFilter@67cb4d8e, org.springframework.security.web.access.intercept.FilterSecurityInterceptor@52fe509e]
[2021-03-11T10:27:11.011Z] [org.springframework.scheduling.concurrent.ExecutorConfigurationSupport] [restartedMain] [181] [INFO ] Initializing ExecutorService 'applicationTaskExecutor'
[2021-03-11T10:27:11.011Z] [org.springframework.boot.autoconfigure.web.servlet.WelcomePageHandlerMapping] [restartedMain] [53] [INFO ] Adding welcome page: class path resource [static/index.html]
[2021-03-11T10:27:11.011Z] [org.springframework.boot.devtools.autoconfigure.OptionalLiveReloadServer] [restartedMain] [58] [INFO ] LiveReload server is running on port 35729
[2021-03-11T10:27:11.011Z] [org.springframework.boot.web.embedded.tomcat.TomcatWebServer] [restartedMain] [220] [INFO ] Tomcat started on port(s): 8080 (http) with context path ''
[2021-03-11T10:27:11.011Z] [org.springframework.boot.StartupInfoLogger] [restartedMain] [61] [INFO ] Started ApiSecurityDemoAppApplication in 0.603 seconds (JVM running for 1007.078)
[2021-03-11T10:27:11.011Z] [org.springframework.boot.devtools.autoconfigure.ConditionEvaluationDeltaLoggingListener] [restartedMain] [63] [INFO ] Condition evaluation unchanged
[2021-03-11T10:27:18.018Z] [org.apache.juli.logging.DirectJDKLog] [http-nio-8080-exec-2] [173] [INFO ] Initializing Spring DispatcherServlet 'dispatcherServlet'
[2021-03-11T10:27:18.018Z] [org.springframework.web.servlet.FrameworkServlet] [http-nio-8080-exec-2] [525] [INFO ] Initializing Servlet 'dispatcherServlet'
[2021-03-11T10:27:18.018Z] [org.springframework.web.servlet.FrameworkServlet] [http-nio-8080-exec-2] [547] [INFO ] Completed initialization in 0 ms
[2021-03-11T10:27:18.018Z] [com.api.controller.StudentController] [http-nio-8080-exec-2] [27] [INFO ] getStudent
[2021-03-11T10:28:17.017Z] [org.springframework.scheduling.concurrent.ExecutorConfigurationSupport] [Thread-19] [218] [INFO ] Shutting down ExecutorService 'applicationTaskExecutor'
2021-03-11 10:28:18 - o.s.boot.SpringApplication - Application run failed
java.lang.IllegalStateException: java.lang.IllegalStateException: Logback configuration error detected: 
ERROR in ch.qos.logback.core.joran.spi.Interpreter@15:83 - no applicable action for [rollingPolicy], current ElementPath  is [[configuration][appender][rollingPolicy]]
ERROR in ch.qos.logback.core.joran.spi.Interpreter@16:30 - no applicable action for [fileNamePattern], current ElementPath  is [[configuration][appender][rollingPolicy][fileNamePattern]]
ERROR in ch.qos.logback.core.joran.spi.Interpreter@19:75 - no applicable action for [timeBasedFileNamingAndTriggeringPolicy], current ElementPath  is [[configuration][appender][rollingPolicy][timeBasedFileNamingAndTriggeringPolicy]]
ERROR in ch.qos.logback.core.joran.spi.Interpreter@20:30 - no applicable action for [maxFileSize], current ElementPath  is [[configuration][appender][rollingPolicy][timeBasedFileNamingAndTriggeringPolicy][maxFileSize]]
ERROR in ch.qos.logback.core.joran.action.AppenderRefAction - Could not find an appender named [RollingFile]. Did you define it below instead of above in the configuration file?
ERROR in ch.qos.logback.core.joran.action.AppenderRefAction - See http://logback.qos.ch/codes.html#appender_order for more details.
ERROR in ch.qos.logback.core.joran.action.AppenderRefAction - Could not find an appender named [Console]. Did you define it below instead of above in the configuration file?
ERROR in ch.qos.logback.core.joran.action.AppenderRefAction - See http://logback.qos.ch/codes.html#appender_order for more details.
	at org.springframework.boot.context.logging.LoggingApplicationListener.initializeSystem(LoggingApplicationListener.java:327)
	at org.springframework.boot.context.logging.LoggingApplicationListener.initialize(LoggingApplicationListener.java:281)
	at org.springframework.boot.context.logging.LoggingApplicationListener.onApplicationEnvironmentPreparedEvent(LoggingApplicationListener.java:239)
	at org.springframework.boot.context.logging.LoggingApplicationListener.onApplicationEvent(LoggingApplicationListener.java:216)
	at org.springframework.context.event.SimpleApplicationEventMulticaster.doInvokeListener(SimpleApplicationEventMulticaster.java:176)
	at org.springframework.context.event.SimpleApplicationEventMulticaster.invokeListener(SimpleApplicationEventMulticaster.java:169)
	at org.springframework.context.event.SimpleApplicationEventMulticaster.multicastEvent(SimpleApplicationEventMulticaster.java:143)
	at org.springframework.context.event.SimpleApplicationEventMulticaster.multicastEvent(SimpleApplicationEventMulticaster.java:131)
	at org.springframework.boot.context.event.EventPublishingRunListener.environmentPrepared(EventPublishingRunListener.java:82)
	at org.springframework.boot.SpringApplicationRunListeners.lambda$environmentPrepared$2(SpringApplicationRunListeners.java:63)
	at java.util.ArrayList.forEach(Unknown Source)
	at org.springframework.boot.SpringApplicationRunListeners.doWithListeners(SpringApplicationRunListeners.java:117)
	at org.springframework.boot.SpringApplicationRunListeners.doWithListeners(SpringApplicationRunListeners.java:111)
	at org.springframework.boot.SpringApplicationRunListeners.environmentPrepared(SpringApplicationRunListeners.java:62)
	at org.springframework.boot.SpringApplication.prepareEnvironment(SpringApplication.java:362)
	at org.springframework.boot.SpringApplication.run(SpringApplication.java:320)
	at org.springframework.boot.SpringApplication.run(SpringApplication.java:1311)
	at org.springframework.boot.SpringApplication.run(SpringApplication.java:1300)
	at com.api.ApiSecurityDemoAppApplication.main(ApiSecurityDemoAppApplication.java:10)
	at sun.reflect.NativeMethodAccessorImpl.invoke0(Native Method)
	at sun.reflect.NativeMethodAccessorImpl.invoke(Unknown Source)
	at sun.reflect.DelegatingMethodAccessorImpl.invoke(Unknown Source)
	at java.lang.reflect.Method.invoke(Unknown Source)
	at org.springframework.boot.devtools.restart.RestartLauncher.run(RestartLauncher.java:49)
Caused by: java.lang.IllegalStateException: Logback configuration error detected: 
ERROR in ch.qos.logback.core.joran.spi.Interpreter@15:83 - no applicable action for [rollingPolicy], current ElementPath  is [[configuration][appender][rollingPolicy]]
ERROR in ch.qos.logback.core.joran.spi.Interpreter@16:30 - no applicable action for [fileNamePattern], current ElementPath  is [[configuration][appender][rollingPolicy][fileNamePattern]]
ERROR in ch.qos.logback.core.joran.spi.Interpreter@19:75 - no applicable action for [timeBasedFileNamingAndTriggeringPolicy], current ElementPath  is [[configuration][appender][rollingPolicy][timeBasedFileNamingAndTriggeringPolicy]]
ERROR in ch.qos.logback.core.joran.spi.Interpreter@20:30 - no applicable action for [maxFileSize], current ElementPath  is [[configuration][appender][rollingPolicy][timeBasedFileNamingAndTriggeringPolicy][maxFileSize]]
ERROR in ch.qos.logback.core.joran.action.AppenderRefAction - Could not find an appender named [RollingFile]. Did you define it below instead of above in the configuration file?
ERROR in ch.qos.logback.core.joran.action.AppenderRefAction - See http://logback.qos.ch/codes.html#appender_order for more details.
ERROR in ch.qos.logback.core.joran.action.AppenderRefAction - Could not find an appender named [Console]. Did you define it below instead of above in the configuration file?
ERROR in ch.qos.logback.core.joran.action.AppenderRefAction - See http://logback.qos.ch/codes.html#appender_order for more details.
	at org.springframework.boot.logging.logback.LogbackLoggingSystem.loadConfiguration(LogbackLoggingSystem.java:179)
	at org.springframework.boot.logging.AbstractLoggingSystem.initializeWithConventions(AbstractLoggingSystem.java:80)
	at org.springframework.boot.logging.AbstractLoggingSystem.initialize(AbstractLoggingSystem.java:60)
	at org.springframework.boot.logging.logback.LogbackLoggingSystem.initialize(LogbackLoggingSystem.java:132)
	at org.springframework.boot.context.logging.LoggingApplicationListener.initializeSystem(LoggingApplicationListener.java:312)
	... 23 common frames omitted
2021-03-11 10:29:11 - o.s.boot.SpringApplication - Application run failed
java.lang.IllegalStateException: java.lang.IllegalStateException: Logback configuration error detected: 
ERROR in ch.qos.logback.core.joran.spi.Interpreter@15:83 - no applicable action for [rollingPolicy], current ElementPath  is [[configuration][appender][rollingPolicy]]
ERROR in ch.qos.logback.core.joran.spi.Interpreter@16:30 - no applicable action for [fileNamePattern], current ElementPath  is [[configuration][appender][rollingPolicy][fileNamePattern]]
ERROR in ch.qos.logback.core.joran.spi.Interpreter@19:75 - no applicable action for [timeBasedFileNamingAndTriggeringPolicy], current ElementPath  is [[configuration][appender][rollingPolicy][timeBasedFileNamingAndTriggeringPolicy]]
ERROR in ch.qos.logback.core.joran.spi.Interpreter@20:30 - no applicable action for [maxFileSize], current ElementPath  is [[configuration][appender][rollingPolicy][timeBasedFileNamingAndTriggeringPolicy][maxFileSize]]
ERROR in ch.qos.logback.core.joran.action.AppenderRefAction - Could not find an appender named [RollingFile]. Did you define it below instead of above in the configuration file?
ERROR in ch.qos.logback.core.joran.action.AppenderRefAction - See http://logback.qos.ch/codes.html#appender_order for more details.
ERROR in ch.qos.logback.core.joran.action.AppenderRefAction - Could not find an appender named [Console]. Did you define it below instead of above in the configuration file?
ERROR in ch.qos.logback.core.joran.action.AppenderRefAction - See http://logback.qos.ch/codes.html#appender_order for more details.
	at org.springframework.boot.context.logging.LoggingApplicationListener.initializeSystem(LoggingApplicationListener.java:327)
	at org.springframework.boot.context.logging.LoggingApplicationListener.initialize(LoggingApplicationListener.java:281)
	at org.springframework.boot.context.logging.LoggingApplicationListener.onApplicationEnvironmentPreparedEvent(LoggingApplicationListener.java:239)
	at org.springframework.boot.context.logging.LoggingApplicationListener.onApplicationEvent(LoggingApplicationListener.java:216)
	at org.springframework.context.event.SimpleApplicationEventMulticaster.doInvokeListener(SimpleApplicationEventMulticaster.java:176)
	at org.springframework.context.event.SimpleApplicationEventMulticaster.invokeListener(SimpleApplicationEventMulticaster.java:169)
	at org.springframework.context.event.SimpleApplicationEventMulticaster.multicastEvent(SimpleApplicationEventMulticaster.java:143)
	at org.springframework.context.event.SimpleApplicationEventMulticaster.multicastEvent(SimpleApplicationEventMulticaster.java:131)
	at org.springframework.boot.context.event.EventPublishingRunListener.environmentPrepared(EventPublishingRunListener.java:82)
	at org.springframework.boot.SpringApplicationRunListeners.lambda$environmentPrepared$2(SpringApplicationRunListeners.java:63)
	at java.util.ArrayList.forEach(Unknown Source)
	at org.springframework.boot.SpringApplicationRunListeners.doWithListeners(SpringApplicationRunListeners.java:117)
	at org.springframework.boot.SpringApplicationRunListeners.doWithListeners(SpringApplicationRunListeners.java:111)
	at org.springframework.boot.SpringApplicationRunListeners.environmentPrepared(SpringApplicationRunListeners.java:62)
	at org.springframework.boot.SpringApplication.prepareEnvironment(SpringApplication.java:362)
	at org.springframework.boot.SpringApplication.run(SpringApplication.java:320)
	at org.springframework.boot.SpringApplication.run(SpringApplication.java:1311)
	at org.springframework.boot.SpringApplication.run(SpringApplication.java:1300)
	at com.api.ApiSecurityDemoAppApplication.main(ApiSecurityDemoAppApplication.java:10)
	at sun.reflect.NativeMethodAccessorImpl.invoke0(Native Method)
	at sun.reflect.NativeMethodAccessorImpl.invoke(Unknown Source)
	at sun.reflect.DelegatingMethodAccessorImpl.invoke(Unknown Source)
	at java.lang.reflect.Method.invoke(Unknown Source)
	at org.springframework.boot.devtools.restart.RestartLauncher.run(RestartLauncher.java:49)
Caused by: java.lang.IllegalStateException: Logback configuration error detected: 
ERROR in ch.qos.logback.core.joran.spi.Interpreter@15:83 - no applicable action for [rollingPolicy], current ElementPath  is [[configuration][appender][rollingPolicy]]
ERROR in ch.qos.logback.core.joran.spi.Interpreter@16:30 - no applicable action for [fileNamePattern], current ElementPath  is [[configuration][appender][rollingPolicy][fileNamePattern]]
ERROR in ch.qos.logback.core.joran.spi.Interpreter@19:75 - no applicable action for [timeBasedFileNamingAndTriggeringPolicy], current ElementPath  is [[configuration][appender][rollingPolicy][timeBasedFileNamingAndTriggeringPolicy]]
ERROR in ch.qos.logback.core.joran.spi.Interpreter@20:30 - no applicable action for [maxFileSize], current ElementPath  is [[configuration][appender][rollingPolicy][timeBasedFileNamingAndTriggeringPolicy][maxFileSize]]
ERROR in ch.qos.logback.core.joran.action.AppenderRefAction - Could not find an appender named [RollingFile]. Did you define it below instead of above in the configuration file?
ERROR in ch.qos.logback.core.joran.action.AppenderRefAction - See http://logback.qos.ch/codes.html#appender_order for more details.
ERROR in ch.qos.logback.core.joran.action.AppenderRefAction - Could not find an appender named [Console]. Did you define it below instead of above in the configuration file?
ERROR in ch.qos.logback.core.joran.action.AppenderRefAction - See http://logback.qos.ch/codes.html#appender_order for more details.
	at org.springframework.boot.logging.logback.LogbackLoggingSystem.loadConfiguration(LogbackLoggingSystem.java:179)
	at org.springframework.boot.logging.AbstractLoggingSystem.initializeWithConventions(AbstractLoggingSystem.java:80)
	at org.springframework.boot.logging.AbstractLoggingSystem.initialize(AbstractLoggingSystem.java:60)
	at org.springframework.boot.logging.logback.LogbackLoggingSystem.initialize(LogbackLoggingSystem.java:132)
	at org.springframework.boot.context.logging.LoggingApplicationListener.initializeSystem(LoggingApplicationListener.java:312)
	... 23 common frames omitted
[2021-03-11T10:29:30.030Z] [org.springframework.boot.StartupInfoLogger] [restartedMain] [55] [INFO ] Starting ApiSecurityDemoAppApplication using Java 1.8.0_181 on DESKTOP-5L3O9NV with PID 18300 (C:\Users\jupit\ide\spring-security-reference\api-security-demo-app\target\classes started by babak in C:\Users\jupit\ide\spring-security-reference\api-security-demo-app)
[2021-03-11T10:29:30.030Z] [org.springframework.boot.SpringApplication] [restartedMain] [660] [INFO ] No active profile set, falling back to default profiles: default
[2021-03-11T10:29:30.030Z] [org.springframework.boot.logging.DeferredLog] [restartedMain] [255] [INFO ] Devtools property defaults active! Set 'spring.devtools.add-properties' to 'false' to disable
[2021-03-11T10:29:30.030Z] [org.springframework.boot.logging.DeferredLog] [restartedMain] [255] [INFO ] For additional web related logging consider setting the 'logging.level.web' property to 'DEBUG'
[2021-03-11T10:29:31.031Z] [org.springframework.boot.web.embedded.tomcat.TomcatWebServer] [restartedMain] [108] [INFO ] Tomcat initialized with port(s): 8080 (http)
[2021-03-11T10:29:31.031Z] [org.apache.juli.logging.DirectJDKLog] [restartedMain] [173] [INFO ] Initializing ProtocolHandler ["http-nio-8080"]
[2021-03-11T10:29:31.031Z] [org.apache.juli.logging.DirectJDKLog] [restartedMain] [173] [INFO ] Starting service [Tomcat]
[2021-03-11T10:29:31.031Z] [org.apache.juli.logging.DirectJDKLog] [restartedMain] [173] [INFO ] Starting Servlet engine: [Apache Tomcat/9.0.43]
[2021-03-11T10:29:31.031Z] [org.apache.juli.logging.DirectJDKLog] [restartedMain] [173] [INFO ] Initializing Spring embedded WebApplicationContext
[2021-03-11T10:29:31.031Z] [org.springframework.boot.web.servlet.context.ServletWebServerApplicationContext] [restartedMain] [289] [INFO ] Root WebApplicationContext: initialization completed in 799 ms
[2021-03-11T10:29:32.032Z] [org.springframework.security.web.DefaultSecurityFilterChain] [restartedMain] [51] [INFO ] Will secure any request with [org.springframework.security.web.context.request.async.WebAsyncManagerIntegrationFilter@49461ec5, org.springframework.security.web.context.SecurityContextPersistenceFilter@15970007, org.springframework.security.web.header.HeaderWriterFilter@28cefe67, org.springframework.security.web.authentication.logout.LogoutFilter@2e6abeb3, org.springframework.security.web.authentication.www.BasicAuthenticationFilter@137de170, org.springframework.security.web.savedrequest.RequestCacheAwareFilter@327dd6f, org.springframework.security.web.servletapi.SecurityContextHolderAwareRequestFilter@162d6dcd, org.springframework.security.web.authentication.AnonymousAuthenticationFilter@57f52bb6, org.springframework.security.web.session.SessionManagementFilter@27fab9c5, org.springframework.security.web.access.ExceptionTranslationFilter@2ed884f7, org.springframework.security.web.access.intercept.FilterSecurityInterceptor@26abed6e]
[2021-03-11T10:29:32.032Z] [org.springframework.scheduling.concurrent.ExecutorConfigurationSupport] [restartedMain] [181] [INFO ] Initializing ExecutorService 'applicationTaskExecutor'
[2021-03-11T10:29:32.032Z] [org.springframework.boot.autoconfigure.web.servlet.WelcomePageHandlerMapping] [restartedMain] [53] [INFO ] Adding welcome page: class path resource [static/index.html]
[2021-03-11T10:29:32.032Z] [org.springframework.boot.devtools.autoconfigure.OptionalLiveReloadServer] [restartedMain] [58] [INFO ] LiveReload server is running on port 35729
[2021-03-11T10:29:32.032Z] [org.apache.juli.logging.DirectJDKLog] [restartedMain] [173] [INFO ] Starting ProtocolHandler ["http-nio-8080"]
[2021-03-11T10:29:32.032Z] [org.springframework.boot.web.embedded.tomcat.TomcatWebServer] [restartedMain] [220] [INFO ] Tomcat started on port(s): 8080 (http) with context path ''
[2021-03-11T10:29:32.032Z] [org.springframework.boot.StartupInfoLogger] [restartedMain] [61] [INFO ] Started ApiSecurityDemoAppApplication in 1.934 seconds (JVM running for 3.092)
[2021-03-11T10:30:46.046Z] [org.springframework.scheduling.concurrent.ExecutorConfigurationSupport] [Thread-6] [218] [INFO ] Shutting down ExecutorService 'applicationTaskExecutor'
[2021-03-11T10:32:09.009Z] [org.springframework.boot.StartupInfoLogger] [restartedMain] [55] [INFO ] Starting ApiSecurityDemoAppApplication using Java 1.8.0_181 on DESKTOP-5L3O9NV with PID 976 (C:\Users\jupit\ide\spring-security-reference\api-security-demo-app\target\classes started by babak in C:\Users\jupit\ide\spring-security-reference\api-security-demo-app)
[2021-03-11T10:32:09.009Z] [org.springframework.boot.SpringApplication] [restartedMain] [660] [INFO ] No active profile set, falling back to default profiles: default
[2021-03-11T10:32:09.009Z] [org.springframework.boot.web.embedded.tomcat.TomcatWebServer] [restartedMain] [108] [INFO ] Tomcat initialized with port(s): 8080 (http)
[2021-03-11T10:32:09.009Z] [org.apache.juli.logging.DirectJDKLog] [restartedMain] [173] [INFO ] Initializing ProtocolHandler ["http-nio-8080"]
[2021-03-11T10:32:09.009Z] [org.apache.juli.logging.DirectJDKLog] [restartedMain] [173] [INFO ] Starting service [Tomcat]
[2021-03-11T10:32:09.009Z] [org.apache.juli.logging.DirectJDKLog] [restartedMain] [173] [INFO ] Starting Servlet engine: [Apache Tomcat/9.0.43]
[2021-03-11T10:32:09.009Z] [org.apache.juli.logging.DirectJDKLog] [restartedMain] [173] [INFO ] Initializing Spring embedded WebApplicationContext
[2021-03-11T10:32:09.009Z] [org.springframework.boot.web.servlet.context.ServletWebServerApplicationContext] [restartedMain] [289] [INFO ] Root WebApplicationContext: initialization completed in 233 ms
[2021-03-11T10:32:09.009Z] [org.springframework.security.web.DefaultSecurityFilterChain] [restartedMain] [51] [INFO ] Will secure any request with [org.springframework.security.web.context.request.async.WebAsyncManagerIntegrationFilter@2fc92d82, org.springframework.security.web.context.SecurityContextPersistenceFilter@72b2edd6, org.springframework.security.web.header.HeaderWriterFilter@134f483b, org.springframework.security.web.authentication.logout.LogoutFilter@4332f7bf, org.springframework.security.web.authentication.www.BasicAuthenticationFilter@a0d6b91, org.springframework.security.web.savedrequest.RequestCacheAwareFilter@64af6aca, org.springframework.security.web.servletapi.SecurityContextHolderAwareRequestFilter@dc8e8f4, org.springframework.security.web.authentication.AnonymousAuthenticationFilter@492044b3, org.springframework.security.web.session.SessionManagementFilter@3ab23b5b, org.springframework.security.web.access.ExceptionTranslationFilter@5c994248, org.springframework.security.web.access.intercept.FilterSecurityInterceptor@a90f11a]
[2021-03-11T10:32:09.009Z] [org.springframework.scheduling.concurrent.ExecutorConfigurationSupport] [restartedMain] [181] [INFO ] Initializing ExecutorService 'applicationTaskExecutor'
[2021-03-11T10:32:09.009Z] [org.springframework.boot.autoconfigure.web.servlet.WelcomePageHandlerMapping] [restartedMain] [53] [INFO ] Adding welcome page: class path resource [static/index.html]
[2021-03-11T10:32:09.009Z] [org.springframework.boot.devtools.autoconfigure.OptionalLiveReloadServer] [restartedMain] [58] [INFO ] LiveReload server is running on port 35729
[2021-03-11T10:32:09.009Z] [org.apache.juli.logging.DirectJDKLog] [restartedMain] [173] [INFO ] Starting ProtocolHandler ["http-nio-8080"]
[2021-03-11T10:32:09.009Z] [org.springframework.boot.web.embedded.tomcat.TomcatWebServer] [restartedMain] [220] [INFO ] Tomcat started on port(s): 8080 (http) with context path ''
[2021-03-11T10:32:09.009Z] [org.springframework.boot.StartupInfoLogger] [restartedMain] [61] [INFO ] Started ApiSecurityDemoAppApplication in 0.618 seconds (JVM running for 61.214)
[2021-03-11T10:32:09.009Z] [org.springframework.boot.devtools.autoconfigure.ConditionEvaluationDeltaLoggingListener] [restartedMain] [63] [INFO ] Condition evaluation unchanged
[2021-03-11T10:32:15.015Z] [org.apache.juli.logging.DirectJDKLog] [http-nio-8080-exec-2] [173] [INFO ] Initializing Spring DispatcherServlet 'dispatcherServlet'
[2021-03-11T10:32:15.015Z] [org.springframework.web.servlet.FrameworkServlet] [http-nio-8080-exec-2] [525] [INFO ] Initializing Servlet 'dispatcherServlet'
[2021-03-11T10:32:15.015Z] [org.springframework.web.servlet.FrameworkServlet] [http-nio-8080-exec-2] [547] [INFO ] Completed initialization in 0 ms
[2021-03-11T10:32:15.015Z] [com.api.controller.StudentController] [http-nio-8080-exec-2] [27] [INFO ] getStudent******
[2021-03-11T10:36:52.052Z] [org.springframework.scheduling.concurrent.ExecutorConfigurationSupport] [Thread-9] [218] [INFO ] Shutting down ExecutorService 'applicationTaskExecutor'
[2021-03-11T10:37:23.023Z] [org.springframework.boot.StartupInfoLogger] [restartedMain] [55] [INFO ] Starting ApiSecurityDemoAppApplication using Java 1.8.0_181 on DESKTOP-5L3O9NV with PID 976 (C:\Users\jupit\ide\spring-security-reference\api-security-demo-app\target\classes started by babak in C:\Users\jupit\ide\spring-security-reference\api-security-demo-app)
[2021-03-11T10:37:23.023Z] [org.springframework.boot.SpringApplication] [restartedMain] [660] [INFO ] No active profile set, falling back to default profiles: default
[2021-03-11T10:37:24.024Z] [org.springframework.boot.web.embedded.tomcat.TomcatWebServer] [restartedMain] [108] [INFO ] Tomcat initialized with port(s): 8080 (http)
[2021-03-11T10:37:24.024Z] [org.apache.juli.logging.DirectJDKLog] [restartedMain] [173] [INFO ] Starting service [Tomcat]
[2021-03-11T10:37:24.024Z] [org.apache.juli.logging.DirectJDKLog] [restartedMain] [173] [INFO ] Starting Servlet engine: [Apache Tomcat/9.0.43]
[2021-03-11T10:37:24.024Z] [org.apache.juli.logging.DirectJDKLog] [restartedMain] [173] [INFO ] Initializing Spring embedded WebApplicationContext
[2021-03-11T10:37:24.024Z] [org.springframework.boot.web.servlet.context.ServletWebServerApplicationContext] [restartedMain] [289] [INFO ] Root WebApplicationContext: initialization completed in 199 ms
[2021-03-11T10:37:24.024Z] [org.springframework.security.web.DefaultSecurityFilterChain] [restartedMain] [51] [INFO ] Will secure any request with [org.springframework.security.web.context.request.async.WebAsyncManagerIntegrationFilter@12a48492, org.springframework.security.web.context.SecurityContextPersistenceFilter@9752e8c, org.springframework.security.web.header.HeaderWriterFilter@15c6cb20, org.springframework.security.web.authentication.logout.LogoutFilter@10f1519f, org.springframework.security.web.authentication.www.BasicAuthenticationFilter@1ce39652, org.springframework.security.web.savedrequest.RequestCacheAwareFilter@3b00cb50, org.springframework.security.web.servletapi.SecurityContextHolderAwareRequestFilter@183c98db, org.springframework.security.web.authentication.AnonymousAuthenticationFilter@3ea5e3f, org.springframework.security.web.session.SessionManagementFilter@5dfeb74c, org.springframework.security.web.access.ExceptionTranslationFilter@7b193bc1, org.springframework.security.web.access.intercept.FilterSecurityInterceptor@32188b14]
[2021-03-11T10:37:24.024Z] [org.springframework.scheduling.concurrent.ExecutorConfigurationSupport] [restartedMain] [181] [INFO ] Initializing ExecutorService 'applicationTaskExecutor'
[2021-03-11T10:37:24.024Z] [org.springframework.boot.autoconfigure.web.servlet.WelcomePageHandlerMapping] [restartedMain] [53] [INFO ] Adding welcome page: class path resource [static/index.html]
[2021-03-11T10:37:24.024Z] [org.springframework.boot.devtools.autoconfigure.OptionalLiveReloadServer] [restartedMain] [58] [INFO ] LiveReload server is running on port 35729
[2021-03-11T10:37:24.024Z] [org.springframework.boot.web.embedded.tomcat.TomcatWebServer] [restartedMain] [220] [INFO ] Tomcat started on port(s): 8080 (http) with context path ''
[2021-03-11T10:37:24.024Z] [org.springframework.boot.StartupInfoLogger] [restartedMain] [61] [INFO ] Started ApiSecurityDemoAppApplication in 0.545 seconds (JVM running for 375.645)
[2021-03-11T10:37:24.024Z] [org.springframework.boot.devtools.autoconfigure.ConditionEvaluationDeltaLoggingListener] [restartedMain] [63] [INFO ] Condition evaluation unchanged
[2021-03-11T10:44:22.022Z] [org.apache.juli.logging.DirectJDKLog] [http-nio-8080-exec-2] [173] [INFO ] Initializing Spring DispatcherServlet 'dispatcherServlet'
[2021-03-11T10:44:22.022Z] [org.springframework.web.servlet.FrameworkServlet] [http-nio-8080-exec-2] [525] [INFO ] Initializing Servlet 'dispatcherServlet'
[2021-03-11T10:44:22.022Z] [org.springframework.web.servlet.FrameworkServlet] [http-nio-8080-exec-2] [547] [INFO ] Completed initialization in 1 ms
[2021-03-11T10:58:57.057Z] [org.springframework.scheduling.concurrent.ExecutorConfigurationSupport] [Thread-14] [218] [INFO ] Shutting down ExecutorService 'applicationTaskExecutor'
[2021-03-11T10:58:57.057Z] [org.springframework.boot.StartupInfoLogger] [restartedMain] [55] [INFO ] Starting ApiSecurityDemoAppApplication using Java 1.8.0_181 on DESKTOP-5L3O9NV with PID 976 (C:\Users\jupit\ide\spring-security-reference\api-security-demo-app\target\classes started by babak in C:\Users\jupit\ide\spring-security-reference\api-security-demo-app)
[2021-03-11T10:58:57.057Z] [org.springframework.boot.SpringApplication] [restartedMain] [660] [INFO ] No active profile set, falling back to default profiles: default
[2021-03-11T10:58:57.057Z] [org.springframework.boot.web.embedded.tomcat.TomcatWebServer] [restartedMain] [108] [INFO ] Tomcat initialized with port(s): 8080 (http)
[2021-03-11T10:58:57.057Z] [org.apache.juli.logging.DirectJDKLog] [restartedMain] [173] [INFO ] Starting service [Tomcat]
[2021-03-11T10:58:57.057Z] [org.apache.juli.logging.DirectJDKLog] [restartedMain] [173] [INFO ] Starting Servlet engine: [Apache Tomcat/9.0.43]
[2021-03-11T10:58:57.057Z] [org.apache.juli.logging.DirectJDKLog] [restartedMain] [173] [INFO ] Initializing Spring embedded WebApplicationContext
[2021-03-11T10:58:57.057Z] [org.springframework.boot.web.servlet.context.ServletWebServerApplicationContext] [restartedMain] [289] [INFO ] Root WebApplicationContext: initialization completed in 194 ms
[2021-03-11T10:58:57.057Z] [org.springframework.security.web.DefaultSecurityFilterChain] [restartedMain] [51] [INFO ] Will secure any request with [org.springframework.security.web.context.request.async.WebAsyncManagerIntegrationFilter@3c38dfc4, org.springframework.security.web.context.SecurityContextPersistenceFilter@7f504648, org.springframework.security.web.header.HeaderWriterFilter@25935b0a, org.springframework.security.web.authentication.logout.LogoutFilter@2ef846b2, org.springframework.security.web.authentication.www.BasicAuthenticationFilter@16d58ccd, org.springframework.security.web.savedrequest.RequestCacheAwareFilter@98d3b5f, org.springframework.security.web.servletapi.SecurityContextHolderAwareRequestFilter@36796a6f, org.springframework.security.web.authentication.AnonymousAuthenticationFilter@66372274, org.springframework.security.web.session.SessionManagementFilter@5fc7479f, org.springframework.security.web.access.ExceptionTranslationFilter@65e26934, org.springframework.security.web.access.intercept.FilterSecurityInterceptor@168c09bf]
[2021-03-11T10:58:57.057Z] [org.springframework.scheduling.concurrent.ExecutorConfigurationSupport] [restartedMain] [181] [INFO ] Initializing ExecutorService 'applicationTaskExecutor'
[2021-03-11T10:58:57.057Z] [org.springframework.boot.autoconfigure.web.servlet.WelcomePageHandlerMapping] [restartedMain] [53] [INFO ] Adding welcome page: class path resource [static/index.html]
[2021-03-11T10:58:57.057Z] [org.springframework.boot.devtools.autoconfigure.OptionalLiveReloadServer] [restartedMain] [58] [INFO ] LiveReload server is running on port 35729
[2021-03-11T10:58:57.057Z] [org.springframework.boot.web.embedded.tomcat.TomcatWebServer] [restartedMain] [220] [INFO ] Tomcat started on port(s): 8080 (http) with context path ''
[2021-03-11T10:58:57.057Z] [org.springframework.boot.StartupInfoLogger] [restartedMain] [61] [INFO ] Started ApiSecurityDemoAppApplication in 0.545 seconds (JVM running for 1669.291)
[2021-03-11T10:58:58.058Z] [org.springframework.boot.devtools.autoconfigure.ConditionEvaluationDeltaLoggingListener] [restartedMain] [63] [INFO ] Condition evaluation unchanged
[2021-03-11T10:59:17.017Z] [org.apache.juli.logging.DirectJDKLog] [http-nio-8080-exec-1] [173] [INFO ] Initializing Spring DispatcherServlet 'dispatcherServlet'
[2021-03-11T10:59:17.017Z] [org.springframework.web.servlet.FrameworkServlet] [http-nio-8080-exec-1] [525] [INFO ] Initializing Servlet 'dispatcherServlet'
[2021-03-11T10:59:17.017Z] [org.springframework.web.servlet.FrameworkServlet] [http-nio-8080-exec-1] [547] [INFO ] Completed initialization in 2 ms
[2021-03-11T16:01:51.051Z] [org.springframework.boot.admin.SpringApplicationAdminMXBeanRegistrar$SpringApplicationAdmin] [RMI TCP Connection(2)-127.0.0.1] [159] [INFO ] Application shutdown requested.
[2021-03-11T16:01:52.052Z] [org.springframework.scheduling.concurrent.ExecutorConfigurationSupport] [RMI TCP Connection(2)-127.0.0.1] [218] [INFO ] Shutting down ExecutorService 'applicationTaskExecutor'
[2021-03-12T09:54:56.056Z] [org.springframework.boot.StartupInfoLogger] [restartedMain] [55] [INFO ] Starting ApiSecurityDemoAppApplication using Java 1.8.0_181 on DESKTOP-5L3O9NV with PID 8928 (C:\Users\jupit\ide\spring-security-reference\api-security-demo-app\target\classes started by babak in C:\Users\jupit\ide\spring-security-reference\api-security-demo-app)
[2021-03-12T09:54:56.056Z] [org.springframework.boot.SpringApplication] [restartedMain] [660] [INFO ] No active profile set, falling back to default profiles: default
[2021-03-12T09:54:56.056Z] [org.springframework.boot.logging.DeferredLog] [restartedMain] [255] [INFO ] Devtools property defaults active! Set 'spring.devtools.add-properties' to 'false' to disable
[2021-03-12T09:54:56.056Z] [org.springframework.boot.logging.DeferredLog] [restartedMain] [255] [INFO ] For additional web related logging consider setting the 'logging.level.web' property to 'DEBUG'
[2021-03-12T09:54:57.057Z] [org.springframework.boot.web.embedded.tomcat.TomcatWebServer] [restartedMain] [108] [INFO ] Tomcat initialized with port(s): 8080 (http)
[2021-03-12T09:54:57.057Z] [org.apache.juli.logging.DirectJDKLog] [restartedMain] [173] [INFO ] Initializing ProtocolHandler ["http-nio-8080"]
[2021-03-12T09:54:57.057Z] [org.apache.juli.logging.DirectJDKLog] [restartedMain] [173] [INFO ] Starting service [Tomcat]
[2021-03-12T09:54:57.057Z] [org.apache.juli.logging.DirectJDKLog] [restartedMain] [173] [INFO ] Starting Servlet engine: [Apache Tomcat/9.0.43]
[2021-03-12T09:54:57.057Z] [org.apache.juli.logging.DirectJDKLog] [restartedMain] [173] [INFO ] Initializing Spring embedded WebApplicationContext
[2021-03-12T09:54:57.057Z] [org.springframework.boot.web.servlet.context.ServletWebServerApplicationContext] [restartedMain] [289] [INFO ] Root WebApplicationContext: initialization completed in 1522 ms
[2021-03-12T09:54:58.058Z] [org.springframework.security.web.DefaultSecurityFilterChain] [restartedMain] [51] [INFO ] Will secure any request with [org.springframework.security.web.context.request.async.WebAsyncManagerIntegrationFilter@12f96406, org.springframework.security.web.context.SecurityContextPersistenceFilter@6ba8913d, org.springframework.security.web.header.HeaderWriterFilter@74c3f45f, org.springframework.security.web.authentication.logout.LogoutFilter@728744eb, org.springframework.security.web.authentication.www.BasicAuthenticationFilter@64610aa7, org.springframework.security.web.savedrequest.RequestCacheAwareFilter@46c08ad0, org.springframework.security.web.servletapi.SecurityContextHolderAwareRequestFilter@50fedd38, org.springframework.security.web.authentication.AnonymousAuthenticationFilter@3457f051, org.springframework.security.web.session.SessionManagementFilter@48a77258, org.springframework.security.web.access.ExceptionTranslationFilter@da1caab, org.springframework.security.web.access.intercept.FilterSecurityInterceptor@119753a0]
[2021-03-12T09:54:58.058Z] [org.springframework.scheduling.concurrent.ExecutorConfigurationSupport] [restartedMain] [181] [INFO ] Initializing ExecutorService 'applicationTaskExecutor'
[2021-03-12T09:54:58.058Z] [org.springframework.boot.autoconfigure.web.servlet.WelcomePageHandlerMapping] [restartedMain] [53] [INFO ] Adding welcome page: class path resource [static/index.html]
[2021-03-12T09:54:58.058Z] [org.springframework.boot.devtools.autoconfigure.OptionalLiveReloadServer] [restartedMain] [58] [INFO ] LiveReload server is running on port 35729
[2021-03-12T09:54:59.059Z] [org.apache.juli.logging.DirectJDKLog] [restartedMain] [173] [INFO ] Starting ProtocolHandler ["http-nio-8080"]
[2021-03-12T09:54:59.059Z] [org.springframework.boot.web.embedded.tomcat.TomcatWebServer] [restartedMain] [220] [INFO ] Tomcat started on port(s): 8080 (http) with context path ''
[2021-03-12T09:54:59.059Z] [org.springframework.boot.StartupInfoLogger] [restartedMain] [61] [INFO ] Started ApiSecurityDemoAppApplication in 3.357 seconds (JVM running for 4.825)
[2021-03-12T09:55:37.037Z] [org.apache.juli.logging.DirectJDKLog] [http-nio-8080-exec-1] [173] [INFO ] Initializing Spring DispatcherServlet 'dispatcherServlet'
[2021-03-12T09:55:37.037Z] [org.springframework.web.servlet.FrameworkServlet] [http-nio-8080-exec-1] [525] [INFO ] Initializing Servlet 'dispatcherServlet'
[2021-03-12T09:55:37.037Z] [org.springframework.web.servlet.FrameworkServlet] [http-nio-8080-exec-1] [547] [INFO ] Completed initialization in 1 ms
[2021-03-12T10:12:40.040Z] [com.api.controller.StudentController] [http-nio-8080-exec-10] [27] [INFO ] getStudent******
[2021-03-12T10:14:20.020Z] [com.api.controller.StudentController] [http-nio-8080-exec-3] [27] [INFO ] getStudent******
[2021-03-12T10:25:08.008Z] [org.springframework.scheduling.concurrent.ExecutorConfigurationSupport] [Thread-6] [218] [INFO ] Shutting down ExecutorService 'applicationTaskExecutor'
[2021-03-12T10:25:08.008Z] [org.springframework.boot.StartupInfoLogger] [restartedMain] [55] [INFO ] Starting ApiSecurityDemoAppApplication using Java 1.8.0_181 on DESKTOP-5L3O9NV with PID 8928 (C:\Users\jupit\ide\spring-security-reference\api-security-demo-app\target\classes started by babak in C:\Users\jupit\ide\spring-security-reference\api-security-demo-app)
[2021-03-12T10:25:08.008Z] [org.springframework.boot.SpringApplication] [restartedMain] [660] [INFO ] No active profile set, falling back to default profiles: default
[2021-03-12T10:25:09.009Z] [org.springframework.boot.web.embedded.tomcat.TomcatWebServer] [restartedMain] [108] [INFO ] Tomcat initialized with port(s): 8080 (http)
[2021-03-12T10:25:09.009Z] [org.apache.juli.logging.DirectJDKLog] [restartedMain] [173] [INFO ] Initializing ProtocolHandler ["http-nio-8080"]
[2021-03-12T10:25:09.009Z] [org.apache.juli.logging.DirectJDKLog] [restartedMain] [173] [INFO ] Starting service [Tomcat]
[2021-03-12T10:25:09.009Z] [org.apache.juli.logging.DirectJDKLog] [restartedMain] [173] [INFO ] Starting Servlet engine: [Apache Tomcat/9.0.43]
[2021-03-12T10:25:09.009Z] [org.apache.juli.logging.DirectJDKLog] [restartedMain] [173] [INFO ] Initializing Spring embedded WebApplicationContext
[2021-03-12T10:25:09.009Z] [org.springframework.boot.web.servlet.context.ServletWebServerApplicationContext] [restartedMain] [289] [INFO ] Root WebApplicationContext: initialization completed in 343 ms
[2021-03-12T10:25:09.009Z] [org.springframework.security.web.DefaultSecurityFilterChain] [restartedMain] [51] [INFO ] Will secure any request with [org.springframework.security.web.context.request.async.WebAsyncManagerIntegrationFilter@29e24260, org.springframework.security.web.context.SecurityContextPersistenceFilter@20e72712, org.springframework.security.web.header.HeaderWriterFilter@24abaf36, org.springframework.security.web.csrf.CsrfFilter@31a6ade1, org.springframework.security.web.authentication.logout.LogoutFilter@410f6db2, org.springframework.security.web.authentication.www.BasicAuthenticationFilter@5b003dd9, org.springframework.security.web.savedrequest.RequestCacheAwareFilter@372dfa1a, org.springframework.security.web.servletapi.SecurityContextHolderAwareRequestFilter@4e0621d6, org.springframework.security.web.authentication.AnonymousAuthenticationFilter@50efb16c, org.springframework.security.web.session.SessionManagementFilter@2066d7e7, org.springframework.security.web.access.ExceptionTranslationFilter@7f7d1400, org.springframework.security.web.access.intercept.FilterSecurityInterceptor@e36f23f]
[2021-03-12T10:25:09.009Z] [org.springframework.scheduling.concurrent.ExecutorConfigurationSupport] [restartedMain] [181] [INFO ] Initializing ExecutorService 'applicationTaskExecutor'
[2021-03-12T10:25:09.009Z] [org.springframework.boot.autoconfigure.web.servlet.WelcomePageHandlerMapping] [restartedMain] [53] [INFO ] Adding welcome page: class path resource [static/index.html]
[2021-03-12T10:25:09.009Z] [org.springframework.boot.devtools.autoconfigure.OptionalLiveReloadServer] [restartedMain] [58] [INFO ] LiveReload server is running on port 35729
[2021-03-12T10:25:09.009Z] [org.apache.juli.logging.DirectJDKLog] [restartedMain] [173] [INFO ] Starting ProtocolHandler ["http-nio-8080"]
[2021-03-12T10:25:09.009Z] [org.springframework.boot.web.embedded.tomcat.TomcatWebServer] [restartedMain] [220] [INFO ] Tomcat started on port(s): 8080 (http) with context path ''
[2021-03-12T10:25:09.009Z] [org.springframework.boot.StartupInfoLogger] [restartedMain] [61] [INFO ] Started ApiSecurityDemoAppApplication in 0.801 seconds (JVM running for 1815.258)
[2021-03-12T10:25:09.009Z] [org.springframework.boot.devtools.autoconfigure.ConditionEvaluationDeltaLoggingListener] [restartedMain] [63] [INFO ] Condition evaluation unchanged
[2021-03-12T10:25:17.017Z] [org.apache.juli.logging.DirectJDKLog] [http-nio-8080-exec-3] [173] [INFO ] Initializing Spring DispatcherServlet 'dispatcherServlet'
[2021-03-12T10:25:17.017Z] [org.springframework.web.servlet.FrameworkServlet] [http-nio-8080-exec-3] [525] [INFO ] Initializing Servlet 'dispatcherServlet'
[2021-03-12T10:25:17.017Z] [org.springframework.web.servlet.FrameworkServlet] [http-nio-8080-exec-3] [547] [INFO ] Completed initialization in 0 ms
[2021-03-12T10:26:12.012Z] [org.springframework.scheduling.concurrent.ExecutorConfigurationSupport] [Thread-9] [218] [INFO ] Shutting down ExecutorService 'applicationTaskExecutor'
[2021-03-12T10:26:13.013Z] [org.springframework.boot.StartupInfoLogger] [restartedMain] [55] [INFO ] Starting ApiSecurityDemoAppApplication using Java 1.8.0_181 on DESKTOP-5L3O9NV with PID 8928 (C:\Users\jupit\ide\spring-security-reference\api-security-demo-app\target\classes started by babak in C:\Users\jupit\ide\spring-security-reference\api-security-demo-app)
[2021-03-12T10:26:13.013Z] [org.springframework.boot.SpringApplication] [restartedMain] [660] [INFO ] No active profile set, falling back to default profiles: default
[2021-03-12T10:26:13.013Z] [org.springframework.boot.web.embedded.tomcat.TomcatWebServer] [restartedMain] [108] [INFO ] Tomcat initialized with port(s): 8080 (http)
[2021-03-12T10:26:13.013Z] [org.apache.juli.logging.DirectJDKLog] [restartedMain] [173] [INFO ] Initializing ProtocolHandler ["http-nio-8080"]
[2021-03-12T10:26:13.013Z] [org.apache.juli.logging.DirectJDKLog] [restartedMain] [173] [INFO ] Starting service [Tomcat]
[2021-03-12T10:26:13.013Z] [org.apache.juli.logging.DirectJDKLog] [restartedMain] [173] [INFO ] Starting Servlet engine: [Apache Tomcat/9.0.43]
[2021-03-12T10:26:13.013Z] [org.apache.juli.logging.DirectJDKLog] [restartedMain] [173] [INFO ] Initializing Spring embedded WebApplicationContext
[2021-03-12T10:26:13.013Z] [org.springframework.boot.web.servlet.context.ServletWebServerApplicationContext] [restartedMain] [289] [INFO ] Root WebApplicationContext: initialization completed in 213 ms
[2021-03-12T10:26:13.013Z] [org.springframework.context.support.AbstractApplicationContext] [restartedMain] [590] [WARN ] Exception encountered during context initialization - cancelling refresh attempt: org.springframework.beans.factory.BeanCreationException: Error creating bean with name 'springSecurityFilterChain' defined in class path resource [org/springframework/security/config/annotation/web/configuration/WebSecurityConfiguration.class]: Bean instantiation via factory method failed; nested exception is org.springframework.beans.BeanInstantiationException: Failed to instantiate [javax.servlet.Filter]: Factory method 'springSecurityFilterChain' threw exception; nested exception is java.lang.Error: Unresolved compilation problem: 
	CookieCsrfTokenRepository cannot be resolved

[2021-03-12T10:26:13.013Z] [org.apache.juli.logging.DirectJDKLog] [restartedMain] [173] [INFO ] Stopping service [Tomcat]
[2021-03-12T10:26:13.013Z] [org.springframework.boot.autoconfigure.logging.ConditionEvaluationReportLoggingListener] [restartedMain] [136] [INFO ] 

Error starting ApplicationContext. To display the conditions report re-run your application with 'debug' enabled.
[2021-03-12T10:26:13.013Z] [org.springframework.boot.SpringApplication] [restartedMain] [856] [ERROR] Application run failed
org.springframework.beans.factory.BeanCreationException: Error creating bean with name 'springSecurityFilterChain' defined in class path resource [org/springframework/security/config/annotation/web/configuration/WebSecurityConfiguration.class]: Bean instantiation via factory method failed; nested exception is org.springframework.beans.BeanInstantiationException: Failed to instantiate [javax.servlet.Filter]: Factory method 'springSecurityFilterChain' threw exception; nested exception is java.lang.Error: Unresolved compilation problem: 
	CookieCsrfTokenRepository cannot be resolved

	at org.springframework.beans.factory.support.ConstructorResolver.instantiate(ConstructorResolver.java:658)
	at org.springframework.beans.factory.support.ConstructorResolver.instantiateUsingFactoryMethod(ConstructorResolver.java:486)
	at org.springframework.beans.factory.support.AbstractAutowireCapableBeanFactory.instantiateUsingFactoryMethod(AbstractAutowireCapableBeanFactory.java:1334)
	at org.springframework.beans.factory.support.AbstractAutowireCapableBeanFactory.createBeanInstance(AbstractAutowireCapableBeanFactory.java:1177)
	at org.springframework.beans.factory.support.AbstractAutowireCapableBeanFactory.doCreateBean(AbstractAutowireCapableBeanFactory.java:564)
	at org.springframework.beans.factory.support.AbstractAutowireCapableBeanFactory.createBean(AbstractAutowireCapableBeanFactory.java:524)
	at org.springframework.beans.factory.support.AbstractBeanFactory.lambda$doGetBean$0(AbstractBeanFactory.java:335)
	at org.springframework.beans.factory.support.DefaultSingletonBeanRegistry.getSingleton(DefaultSingletonBeanRegistry.java:234)
	at org.springframework.beans.factory.support.AbstractBeanFactory.doGetBean(AbstractBeanFactory.java:333)
	at org.springframework.beans.factory.support.AbstractBeanFactory.getBean(AbstractBeanFactory.java:208)
	at org.springframework.beans.factory.support.AbstractBeanFactory.doGetBean(AbstractBeanFactory.java:322)
	at org.springframework.beans.factory.support.AbstractBeanFactory.getBean(AbstractBeanFactory.java:208)
	at org.springframework.beans.factory.support.DefaultListableBeanFactory.preInstantiateSingletons(DefaultListableBeanFactory.java:944)
	at org.springframework.context.support.AbstractApplicationContext.finishBeanFactoryInitialization(AbstractApplicationContext.java:917)
	at org.springframework.context.support.AbstractApplicationContext.refresh(AbstractApplicationContext.java:582)
	at org.springframework.boot.web.servlet.context.ServletWebServerApplicationContext.refresh(ServletWebServerApplicationContext.java:144)
	at org.springframework.boot.SpringApplication.refresh(SpringApplication.java:767)
	at org.springframework.boot.SpringApplication.refresh(SpringApplication.java:759)
	at org.springframework.boot.SpringApplication.refreshContext(SpringApplication.java:426)
	at org.springframework.boot.SpringApplication.run(SpringApplication.java:326)
	at org.springframework.boot.SpringApplication.run(SpringApplication.java:1311)
	at org.springframework.boot.SpringApplication.run(SpringApplication.java:1300)
	at com.api.ApiSecurityDemoAppApplication.main(ApiSecurityDemoAppApplication.java:10)
	at sun.reflect.NativeMethodAccessorImpl.invoke0(Native Method)
	at sun.reflect.NativeMethodAccessorImpl.invoke(Unknown Source)
	at sun.reflect.DelegatingMethodAccessorImpl.invoke(Unknown Source)
	at java.lang.reflect.Method.invoke(Unknown Source)
	at org.springframework.boot.devtools.restart.RestartLauncher.run(RestartLauncher.java:49)
Caused by: org.springframework.beans.BeanInstantiationException: Failed to instantiate [javax.servlet.Filter]: Factory method 'springSecurityFilterChain' threw exception; nested exception is java.lang.Error: Unresolved compilation problem: 
	CookieCsrfTokenRepository cannot be resolved

	at org.springframework.beans.factory.support.SimpleInstantiationStrategy.instantiate(SimpleInstantiationStrategy.java:185)
	at org.springframework.beans.factory.support.ConstructorResolver.instantiate(ConstructorResolver.java:653)
	... 27 common frames omitted
Caused by: java.lang.Error: Unresolved compilation problem: 
	CookieCsrfTokenRepository cannot be resolved

	at com.api.security.ApplicationSecurityConfig.configure(ApplicationSecurityConfig.java:33)
	at org.springframework.security.config.annotation.web.configuration.WebSecurityConfigurerAdapter.getHttp(WebSecurityConfigurerAdapter.java:217)
	at org.springframework.security.config.annotation.web.configuration.WebSecurityConfigurerAdapter.init(WebSecurityConfigurerAdapter.java:315)
	at org.springframework.security.config.annotation.web.configuration.WebSecurityConfigurerAdapter.init(WebSecurityConfigurerAdapter.java:93)
	at com.api.security.ApplicationSecurityConfig$$EnhancerBySpringCGLIB$$ef49f931.init(<generated>)
	at org.springframework.security.config.annotation.AbstractConfiguredSecurityBuilder.init(AbstractConfiguredSecurityBuilder.java:338)
	at org.springframework.security.config.annotation.AbstractConfiguredSecurityBuilder.doBuild(AbstractConfiguredSecurityBuilder.java:300)
	at org.springframework.security.config.annotation.AbstractSecurityBuilder.build(AbstractSecurityBuilder.java:38)
	at org.springframework.security.config.annotation.web.configuration.WebSecurityConfiguration.springSecurityFilterChain(WebSecurityConfiguration.java:127)
	at sun.reflect.NativeMethodAccessorImpl.invoke0(Native Method)
	at sun.reflect.NativeMethodAccessorImpl.invoke(Unknown Source)
	at sun.reflect.DelegatingMethodAccessorImpl.invoke(Unknown Source)
	at java.lang.reflect.Method.invoke(Unknown Source)
	at org.springframework.beans.factory.support.SimpleInstantiationStrategy.instantiate(SimpleInstantiationStrategy.java:154)
	... 28 common frames omitted
[2021-03-12T10:26:30.030Z] [org.springframework.boot.StartupInfoLogger] [restartedMain] [55] [INFO ] Starting ApiSecurityDemoAppApplication using Java 1.8.0_181 on DESKTOP-5L3O9NV with PID 8928 (C:\Users\jupit\ide\spring-security-reference\api-security-demo-app\target\classes started by babak in C:\Users\jupit\ide\spring-security-reference\api-security-demo-app)
[2021-03-12T10:26:30.030Z] [org.springframework.boot.SpringApplication] [restartedMain] [660] [INFO ] No active profile set, falling back to default profiles: default
[2021-03-12T10:26:30.030Z] [org.springframework.boot.web.embedded.tomcat.TomcatWebServer] [restartedMain] [108] [INFO ] Tomcat initialized with port(s): 8080 (http)
[2021-03-12T10:26:30.030Z] [org.apache.juli.logging.DirectJDKLog] [restartedMain] [173] [INFO ] Initializing ProtocolHandler ["http-nio-8080"]
[2021-03-12T10:26:30.030Z] [org.apache.juli.logging.DirectJDKLog] [restartedMain] [173] [INFO ] Starting service [Tomcat]
[2021-03-12T10:26:30.030Z] [org.apache.juli.logging.DirectJDKLog] [restartedMain] [173] [INFO ] Starting Servlet engine: [Apache Tomcat/9.0.43]
[2021-03-12T10:26:30.030Z] [org.apache.juli.logging.DirectJDKLog] [restartedMain] [173] [INFO ] Initializing Spring embedded WebApplicationContext
[2021-03-12T10:26:30.030Z] [org.springframework.boot.web.servlet.context.ServletWebServerApplicationContext] [restartedMain] [289] [INFO ] Root WebApplicationContext: initialization completed in 245 ms
[2021-03-12T10:26:31.031Z] [org.springframework.security.web.DefaultSecurityFilterChain] [restartedMain] [51] [INFO ] Will secure any request with [org.springframework.security.web.context.request.async.WebAsyncManagerIntegrationFilter@51752389, org.springframework.security.web.context.SecurityContextPersistenceFilter@3c1c493c, org.springframework.security.web.header.HeaderWriterFilter@19cab508, org.springframework.security.web.csrf.CsrfFilter@2e039263, org.springframework.security.web.authentication.logout.LogoutFilter@9e18081, org.springframework.security.web.authentication.www.BasicAuthenticationFilter@2febf7ea, org.springframework.security.web.savedrequest.RequestCacheAwareFilter@679604d1, org.springframework.security.web.servletapi.SecurityContextHolderAwareRequestFilter@2b388fde, org.springframework.security.web.authentication.AnonymousAuthenticationFilter@4ac90462, org.springframework.security.web.session.SessionManagementFilter@ebe4202, org.springframework.security.web.access.ExceptionTranslationFilter@2ecea3e5, org.springframework.security.web.access.intercept.FilterSecurityInterceptor@6d4463c9]
[2021-03-12T10:26:31.031Z] [org.springframework.scheduling.concurrent.ExecutorConfigurationSupport] [restartedMain] [181] [INFO ] Initializing ExecutorService 'applicationTaskExecutor'
[2021-03-12T10:26:31.031Z] [org.springframework.boot.autoconfigure.web.servlet.WelcomePageHandlerMapping] [restartedMain] [53] [INFO ] Adding welcome page: class path resource [static/index.html]
[2021-03-12T10:26:31.031Z] [org.springframework.boot.devtools.autoconfigure.OptionalLiveReloadServer] [restartedMain] [58] [INFO ] LiveReload server is running on port 35729
[2021-03-12T10:26:31.031Z] [org.apache.juli.logging.DirectJDKLog] [restartedMain] [173] [INFO ] Starting ProtocolHandler ["http-nio-8080"]
[2021-03-12T10:26:31.031Z] [org.springframework.boot.web.embedded.tomcat.TomcatWebServer] [restartedMain] [220] [INFO ] Tomcat started on port(s): 8080 (http) with context path ''
[2021-03-12T10:26:31.031Z] [org.springframework.boot.StartupInfoLogger] [restartedMain] [61] [INFO ] Started ApiSecurityDemoAppApplication in 0.714 seconds (JVM running for 1896.838)
[2021-03-12T10:26:31.031Z] [org.springframework.boot.devtools.autoconfigure.ConditionEvaluationDeltaLoggingListener] [restartedMain] [63] [INFO ] Condition evaluation unchanged
[2021-03-12T10:26:41.041Z] [org.apache.juli.logging.DirectJDKLog] [http-nio-8080-exec-2] [173] [INFO ] Initializing Spring DispatcherServlet 'dispatcherServlet'
[2021-03-12T10:26:41.041Z] [org.springframework.web.servlet.FrameworkServlet] [http-nio-8080-exec-2] [525] [INFO ] Initializing Servlet 'dispatcherServlet'
[2021-03-12T10:26:41.041Z] [org.springframework.web.servlet.FrameworkServlet] [http-nio-8080-exec-2] [547] [INFO ] Completed initialization in 0 ms
[2021-03-12T21:51:47.047Z] [org.springframework.boot.admin.SpringApplicationAdminMXBeanRegistrar$SpringApplicationAdmin] [RMI TCP Connection(2)-127.0.0.1] [159] [INFO ] Application shutdown requested.
[2021-03-12T21:51:47.047Z] [org.springframework.scheduling.concurrent.ExecutorConfigurationSupport] [RMI TCP Connection(2)-127.0.0.1] [218] [INFO ] Shutting down ExecutorService 'applicationTaskExecutor'
